#
# There is insufficient memory for the Java Runtime Environment to continue.
# Native memory allocation (mmap) failed to map 260046848 bytes for G1 virtual space
# Possible reasons:
#   The system is out of physical RAM or swap space
#   The process is running with CompressedOops enabled, and the Java Heap may be blocking the growth of the native heap
# Possible solutions:
#   Reduce memory load on the system
#   Increase physical memory or swap space
#   Check if swap backing store is full
#   Decrease Java heap size (-Xmx/-Xms)
#   Decrease number of Java threads
#   Decrease Java thread stack sizes (-Xss)
#   Set larger code cache with -XX:ReservedCodeCacheSize=
#   JVM is running with Zero Based Compressed Oops mode in which the Java heap is
#     placed in the first 32GB address space. The Java Heap base address is the
#     maximum limit for the native heap growth. Please use -XX:HeapBaseMinAddress
#     to set the Java Heap base and to place the Java Heap above 32GB virtual address.
# This output file may be truncated or incomplete.
#
#  Out of Memory Error (os_windows.cpp:3528), pid=23316, tid=21156
#
# JRE version:  (20.0.2+9) (build )
# Java VM: Java HotSpot(TM) 64-Bit Server VM (20.0.2+9-78, mixed mode, sharing, tiered, compressed oops, compressed class ptrs, g1 gc, windows-amd64)
# No core dump will be written. Minidumps are not enabled by default on client versions of Windows
#

---------------  S U M M A R Y ------------

Command Line: -javaagent:C:\Program Files\JetBrains\IntelliJ IDEA Community Edition 2023.2.3\lib\idea_rt.jar=57854:C:\Program Files\JetBrains\IntelliJ IDEA Community Edition 2023.2.3\bin -Dfile.encoding=UTF-8 -Dsun.stdout.encoding=UTF-8 -Dsun.stderr.encoding=UTF-8 Practise

Host: AMD Ryzen 5 4600H with Radeon Graphics         , 12 cores, 15G,  Windows 11 , 64 bit Build 22621 (10.0.22621.3235)
Time: Mon Mar 18 19:02:47 2024 India Standard Time elapsed time: 0.019149 seconds (0d 0h 0m 0s)

---------------  T H R E A D  ---------------

Current thread (0x000001cc857ef9c0):  JavaThread "Unknown thread" [_thread_in_vm, id=21156, stack(0x00000039bfa00000,0x00000039bfb00000)]

Stack: [0x00000039bfa00000,0x00000039bfb00000]
Native frames: (J=compiled Java code, j=interpreted, Vv=VM code, C=native code)
V  [jvm.dll+0x6bc25a]
V  [jvm.dll+0x84971a]
V  [jvm.dll+0x84b315]
V  [jvm.dll+0x84ba13]
V  [jvm.dll+0x280e4f]
V  [jvm.dll+0x6b8fe9]
V  [jvm.dll+0x6adbca]
V  [jvm.dll+0x35b165]
V  [jvm.dll+0x363386]
V  [jvm.dll+0x3b400e]
V  [jvm.dll+0x3b4295]
V  [jvm.dll+0x32b86a]
V  [jvm.dll+0x32c68b]
V  [jvm.dll+0x8123df]
V  [jvm.dll+0x3c1261]
V  [jvm.dll+0x7fe103]
V  [jvm.dll+0x44ccaf]
V  [jvm.dll+0x44e621]
C  [jli.dll+0x5287]
C  [ucrtbase.dll+0x29363]
C  [KERNEL32.DLL+0x1257d]
C  [ntdll.dll+0x5aa58]


---------------  P R O C E S S  ---------------

Threads class SMR info:
_java_thread_list=0x00007ff922beb118, length=0, elements={
}

Java Threads: ( => current thread )

Other Threads:
  0x000001cc8585d660 WorkerThread "GC Thread#0" [stack: 0x00000039bfb00000,0x00000039bfc00000] [id=24904]
  0x000001cc8586ddd0 ConcurrentGCThread "G1 Main Marker" [stack: 0x00000039bfc00000,0x00000039bfd00000] [id=24624]
  0x000001cc8586e800 WorkerThread "G1 Conc#0" [stack: 0x00000039bfd00000,0x00000039bfe00000] [id=16352]

[error occurred during error reporting (printing all threads), id 0xc0000005, EXCEPTION_ACCESS_VIOLATION (0xc0000005) at pc=0x00007ff9223ceea7]
VM state: not at safepoint (not fully initialized)

VM Mutex/Monitor currently owned by a thread:  ([mutex/lock_event])
[0x000001cc857e9740] Heap_lock - owner thread: 0x000001cc857ef9c0

Heap address: 0x0000000709400000, size: 3948 MB, Compressed Oops mode: Zero based, Oop shift amount: 3

CDS archive(s) mapped at: [0x0000000000000000-0x0000000000000000-0x0000000000000000), size 0, SharedBaseAddress: 0x0000000800000000, ArchiveRelocationMode: 1.
Narrow klass base: 0x0000000000000000, Narrow klass shift: 0, Narrow klass range: 0x0

GC Precious Log:
 CardTable entry size: 512
 Card Set container configuration: InlinePtr #cards 4 size 8 Array Of Cards #cards 16 size 48 Howl #buckets 8 coarsen threshold 3686 Howl Bitmap #cards 512 size 80 coarsen threshold 460 Card regions per heap region 1 cards per card region 4096

Heap:
 garbage-first heap   total 0K, used 0K [0x0000000709400000, 0x0000000800000000)
  region size 2048K, 0 young (0K), 0 survivors (0K)

[error occurred during error reporting (printing heap information), id 0xc0000005, EXCEPTION_ACCESS_VIOLATION (0xc0000005) at pc=0x00007ff9227a47b9]
GC Heap History (0 events):
No events

Dll operation events (1 events):
Event: 0.013 Loaded shared library C:\Program Files\Java\jdk-20\bin\java.dll

Deoptimization events (0 events):
No events

Classes loaded (0 events):
No events

Classes unloaded (0 events):
No events

Classes redefined (0 events):
No events

Internal exceptions (0 events):
No events

VM Operations (0 events):
No events

Events (0 events):
No events


Dynamic libraries:
0x00007ff7a00c0000 - 0x00007ff7a00d0000 	C:\Program Files\Java\jdk-20\bin\java.exe
0x00007ff9becf0000 - 0x00007ff9bef06000 	C:\WINDOWS\SYSTEM32\ntdll.dll
0x00007ff9be1c0000 - 0x00007ff9be284000 	C:\WINDOWS\System32\KERNEL32.DLL
0x00007ff9bc4b0000 - 0x00007ff9bc856000 	C:\WINDOWS\System32\KERNELBASE.dll
0x00007ff9bc860000 - 0x00007ff9bc971000 	C:\WINDOWS\System32\ucrtbase.dll
0x00007ff9b0f70000 - 0x00007ff9b0f89000 	C:\Program Files\Java\jdk-20\bin\jli.dll
0x00007ff9b72f0000 - 0x00007ff9b730b000 	C:\Program Files\Java\jdk-20\bin\VCRUNTIME140.dll
0x00007ff9bd040000 - 0x00007ff9bd0f2000 	C:\WINDOWS\System32\ADVAPI32.dll
0x00007ff9bd430000 - 0x00007ff9bd4d7000 	C:\WINDOWS\System32\msvcrt.dll
0x00007ff9bcad0000 - 0x00007ff9bcb78000 	C:\WINDOWS\System32\sechost.dll
0x00007ff9bc1d0000 - 0x00007ff9bc1f8000 	C:\WINDOWS\System32\bcrypt.dll
0x00007ff9be6e0000 - 0x00007ff9be7f5000 	C:\WINDOWS\System32\RPCRT4.dll
0x00007ff9be290000 - 0x00007ff9be43d000 	C:\WINDOWS\System32\USER32.dll
0x00007ff9bc030000 - 0x00007ff9bc056000 	C:\WINDOWS\System32\win32u.dll
0x00007ff9a9370000 - 0x00007ff9a9603000 	C:\WINDOWS\WinSxS\amd64_microsoft.windows.common-controls_6595b64144ccf1df_6.0.22621.3235_none_270f74e173860f98\COMCTL32.dll
0x00007ff9bca40000 - 0x00007ff9bca69000 	C:\WINDOWS\System32\GDI32.dll
0x00007ff9bc200000 - 0x00007ff9bc318000 	C:\WINDOWS\System32\gdi32full.dll
0x00007ff9bc390000 - 0x00007ff9bc42a000 	C:\WINDOWS\System32\msvcp_win.dll
0x00007ff9b4cc0000 - 0x00007ff9b4cca000 	C:\WINDOWS\SYSTEM32\VERSION.dll
0x00007ff9bebf0000 - 0x00007ff9bec21000 	C:\WINDOWS\System32\IMM32.DLL
0x00007ff9b8fd0000 - 0x00007ff9b8fdc000 	C:\Program Files\Java\jdk-20\bin\vcruntime140_1.dll
0x00007ff9a8480000 - 0x00007ff9a850e000 	C:\Program Files\Java\jdk-20\bin\msvcp140.dll
0x00007ff922090000 - 0x00007ff922d28000 	C:\Program Files\Java\jdk-20\bin\server\jvm.dll
0x00007ff9b5460000 - 0x00007ff9b5494000 	C:\WINDOWS\SYSTEM32\WINMM.dll
0x00007ff9a22c0000 - 0x00007ff9a22c9000 	C:\WINDOWS\SYSTEM32\WSOCK32.dll
0x00007ff9bec30000 - 0x00007ff9beca1000 	C:\WINDOWS\System32\WS2_32.dll
0x00007ff9bb130000 - 0x00007ff9bb148000 	C:\WINDOWS\SYSTEM32\kernel.appcore.dll
0x00007ff9b8fb0000 - 0x00007ff9b8fba000 	C:\Program Files\Java\jdk-20\bin\jimage.dll
0x00007ff9b23b0000 - 0x00007ff9b25e3000 	C:\WINDOWS\SYSTEM32\DBGHELP.DLL
0x00007ff9bd4e0000 - 0x00007ff9bd868000 	C:\WINDOWS\System32\combase.dll
0x00007ff9be0d0000 - 0x00007ff9be1a7000 	C:\WINDOWS\System32\OLEAUT32.dll
0x00007ff9b1f90000 - 0x00007ff9b1fc2000 	C:\WINDOWS\SYSTEM32\dbgcore.DLL
0x00007ff9bc430000 - 0x00007ff9bc4aa000 	C:\WINDOWS\System32\bcryptPrimitives.dll
0x00007ff9aaf80000 - 0x00007ff9aaf8e000 	C:\Program Files\Java\jdk-20\bin\instrument.dll
0x00007ff9b0f40000 - 0x00007ff9b0f66000 	C:\Program Files\Java\jdk-20\bin\java.dll

dbghelp: loaded successfully - version: 4.0.5 - missing functions: none
symbol engine: initialized successfully - sym options: 0x614 - pdb path: .;C:\Program Files\Java\jdk-20\bin;C:\WINDOWS\SYSTEM32;C:\WINDOWS\WinSxS\amd64_microsoft.windows.common-controls_6595b64144ccf1df_6.0.22621.3235_none_270f74e173860f98;C:\Program Files\Java\jdk-20\bin\server

VM Arguments:
jvm_args: -javaagent:C:\Program Files\JetBrains\IntelliJ IDEA Community Edition 2023.2.3\lib\idea_rt.jar=57854:C:\Program Files\JetBrains\IntelliJ IDEA Community Edition 2023.2.3\bin -Dfile.encoding=UTF-8 -Dsun.stdout.encoding=UTF-8 -Dsun.stderr.encoding=UTF-8 
java_command: Practise
java_class_path (initial): C:\Users\meetg\IdeaProjects\Add Zeroo\out\production\Add Zeroo
Launcher Type: SUN_STANDARD

[Global flags]
     intx CICompilerCount                          = 4                                         {product} {ergonomic}
     uint ConcGCThreads                            = 3                                         {product} {ergonomic}
     uint G1ConcRefinementThreads                  = 10                                        {product} {ergonomic}
   size_t G1HeapRegionSize                         = 2097152                                   {product} {ergonomic}
    uintx GCDrainStackTargetSize                   = 64                                        {product} {ergonomic}
   size_t InitialHeapSize                          = 260046848                                 {product} {ergonomic}
   size_t MarkStackSize                            = 4194304                                   {product} {ergonomic}
   size_t MaxHeapSize                              = 4139778048                                {product} {ergonomic}
   size_t MinHeapDeltaBytes                        = 2097152                                   {product} {ergonomic}
   size_t MinHeapSize                              = 8388608                                   {product} {ergonomic}
    uintx NonNMethodCodeHeapSize                   = 5839372                                {pd product} {ergonomic}
    uintx NonProfiledCodeHeapSize                  = 122909434                              {pd product} {ergonomic}
    uintx ProfiledCodeHeapSize                     = 122909434                              {pd product} {ergonomic}
    uintx ReservedCodeCacheSize                    = 251658240                              {pd product} {ergonomic}
     bool SegmentedCodeCache                       = true                                      {product} {ergonomic}
   size_t SoftMaxHeapSize                          = 4139778048                             {manageable} {ergonomic}
     bool UseCompressedClassPointers               = true                           {product lp64_product} {ergonomic}
     bool UseCompressedOops                        = true                           {product lp64_product} {ergonomic}
     bool UseG1GC                                  = true                                      {product} {ergonomic}
     bool UseLargePagesIndividualAllocation        = false                                  {pd product} {ergonomic}

Logging:
Log output configuration:
 #0: stdout all=warning uptime,level,tags foldmultilines=false
 #1: stderr all=off uptime,level,tags foldmultilines=false

Environment Variables:
PATH=C:\app\meetg\product\21c\dbhomeXE\bin;C:\Program Files\Common Files\Oracle\Java\javapath;C:\Program Files (x86)\Common Files\Oracle\Java\javapath;C:\Program Files\Python311\Scripts\;C:\Program Files\Python311\;C:\Windows\system32;C:\Windows;C:\Windows\System32\Wbem;C:\Windows\System32\WindowsPowerShell\v1.0\;C:\Windows\System32\OpenSSH\;C:\Program Files (x86)\NVIDIA Corporation\PhysX\Common;C:\Program Files\NVIDIA Corporation\NVIDIA NvDLISR;C:\WINDOWS\system32;C:\WINDOWS;C:\WINDOWS\System32\Wbem;C:\WINDOWS\System32\WindowsPowerShell\v1.0\;C:\WINDOWS\System32\OpenSSH\;C:\MinGW\bin;C:\Program Files\Java\jdk-20\bin;C:\Program Files\Git\cmd;C:\Program Files\dotnet\;C:\Program Files\MySQL\MySQL Shell 8.0\bin\;C:\Users\meetg\AppData\Local\Microsoft\WindowsApps;C:\Users\meetg\AppData\Local\Programs\Microsoft VS Code\bin;C:\Program Files\JetBrains\IntelliJ IDEA 2023.2.3\bin;;C:\Program Files\JetBrains\IntelliJ IDEA Community Edition 2023.2.3\bin;;C:\Users\meetg\Downloads\sqldeveloper-23.1.1.345.2114-x64.zip;
USERNAME=meetg
OS=Windows_NT
PROCESSOR_IDENTIFIER=AMD64 Family 23 Model 96 Stepping 1, AuthenticAMD
TMP=C:\Users\meetg\AppData\Local\Temp
TEMP=C:\Users\meetg\AppData\Local\Temp




---------------  S Y S T E M  ---------------

OS:
 Windows 11 , 64 bit Build 22621 (10.0.22621.3235)
OS uptime: 2 days 1:22 hours
Hyper-V role detected

CPU: total 12 (initial active 12) (12 cores per cpu, 2 threads per core) family 23 model 96 stepping 1 microcode 0x0, cx8, cmov, fxsr, ht, mmx, 3dnowpref, sse, sse2, sse3, ssse3, sse4a, sse4.1, sse4.2, popcnt, lzcnt, tsc, tscinvbit, avx, avx2, aes, clmul, bmi1, bmi2, adx, sha, fma, vzeroupper, clflush, clflushopt, hv, rdtscp, rdpid, f16c

Memory: 4k page, system-wide physical 15790M (6078M free)
TotalPageFile size 64942M (AvailPageFile size 54M)
current process WorkingSet (physical memory assigned to process): 11M, peak: 11M
current process commit charge ("private bytes"): 64M, peak: 312M

vm_info: Java HotSpot(TM) 64-Bit Server VM (20.0.2+9-78) for windows-amd64 JRE (20.0.2+9-78), built on 2023-06-14T10:08:48Z by "mach5one" with MS VC++ 17.1 (VS2022)

END.
